# JRE version: OpenJDK Runtime Environment Temurin-21.0.9+10 (21.0.9+10) (build 21.0.9+10-LTS)
# Java VM: OpenJDK 64-Bit Server VM Temurin-21.0.9+10 (21.0.9+10-LTS, mixed mode, sharing, tiered, compressed oops, compressed class ptrs, parallel gc, windows-amd64)
GC Precious Log:
 CardTable entry size: 512
 CPUs: 4 total, 4 available
 Memory: 8082M
 Large Page Support: Disabled
 NUMA Support: Disabled
 Compressed Oops: Enabled (32-bit)
 Alignments: Space 512K, Generation 512K, Heap 2M
 Heap Min Capacity: 100M
 Heap Initial Capacity: 100M
 Heap Max Capacity: 2G
 Pre-touch: Disabled
 Parallel Workers: 4
Heap:
 PSYoungGen      total 17408K, used 1533K [0x00000000d5580000, 0x00000000d6900000, 0x0000000100000000)
  eden space 16896K, 6% used [0x00000000d5580000,0x00000000d5697528,0x00000000d6600000)
  from space 512K, 81% used [0x00000000d6880000,0x00000000d68e8000,0x00000000d6900000)
  to   space 512K, 0% used [0x00000000d6800000,0x00000000d6800000,0x00000000d6880000)
 ParOldGen       total 132096K, used 131646K [0x0000000080000000, 0x0000000088100000, 0x00000000d5580000)
  object space 132096K, 99% used [0x0000000080000000,0x000000008808f8b0,0x0000000088100000)
 Metaspace       used 66536K, committed 68096K, reserved 1114112K
  class space    used 6714K, committed 7360K, reserved 1048576K
GC Heap History (20 events):
Event: 99.951 GC heap before
{Heap before GC invocations=118 (full 3):
 PSYoungGen      total 17408K, used 17396K [0x00000000d5580000, 0x00000000d6b80000, 0x0000000100000000)
  eden space 16896K, 100% used [0x00000000d5580000,0x00000000d6600000,0x00000000d6600000)
  from space 512K, 97% used [0x00000000d6880000,0x00000000d68fd200,0x00000000d6900000)
  to   space 2560K, 0% used [0x00000000d6600000,0x00000000d6600000,0x00000000d6880000)
 ParOldGen       total 122880K, used 122778K [0x0000000080000000, 0x0000000087800000, 0x00000000d5580000)
  object space 122880K, 99% used [0x0000000080000000,0x00000000877e69e8,0x0000000087800000)
 Metaspace       used 66102K, committed 67648K, reserved 1114112K
  class space    used 6708K, committed 7360K, reserved 1048576K
}
Event: 99.955 GC heap after
{Heap after GC invocations=118 (full 3):
 PSYoungGen      total 18432K, used 1043K [0x00000000d5580000, 0x00000000d6900000, 0x0000000100000000)
  eden space 16896K, 0% used [0x00000000d5580000,0x00000000d5580000,0x00000000d6600000)
  from space 1536K, 67% used [0x00000000d6600000,0x00000000d6704c50,0x00000000d6780000)
  to   space 1536K, 0% used [0x00000000d6780000,0x00000000d6780000,0x00000000d6900000)
 ParOldGen       total 123392K, used 123266K [0x0000000080000000, 0x0000000087880000, 0x00000000d5580000)
  object space 123392K, 99% used [0x0000000080000000,0x0000000087860bf8,0x0000000087880000)
 Metaspace       used 66102K, committed 67648K, reserved 1114112K
  class space    used 6708K, committed 7360K, reserved 1048576K
}
Event: 100.194 GC heap before
{Heap before GC invocations=119 (full 3):
 PSYoungGen      total 18432K, used 17939K [0x00000000d5580000, 0x00000000d6900000, 0x0000000100000000)
  eden space 16896K, 100% used [0x00000000d5580000,0x00000000d6600000,0x00000000d6600000)
  from space 1536K, 67% used [0x00000000d6600000,0x00000000d6704c50,0x00000000d6780000)
  to   space 1536K, 0% used [0x00000000d6780000,0x00000000d6780000,0x00000000d6900000)
 ParOldGen       total 123392K, used 123266K [0x0000000080000000, 0x0000000087880000, 0x00000000d5580000)
  object space 123392K, 99% used [0x0000000080000000,0x0000000087860bf8,0x0000000087880000)
 Metaspace       used 66112K, committed 67648K, reserved 1114112K
  class space    used 6708K, committed 7360K, reserved 1048576K
}
Event: 100.197 GC heap after
{Heap after GC invocations=119 (full 3):
 PSYoungGen      total 17920K, used 740K [0x00000000d5580000, 0x00000000d6880000, 0x0000000100000000)
  eden space 16896K, 0% used [0x00000000d5580000,0x00000000d5580000,0x00000000d6600000)
  from space 1024K, 72% used [0x00000000d6780000,0x00000000d6839210,0x00000000d6880000)
  to   space 1024K, 0% used [0x00000000d6680000,0x00000000d6680000,0x00000000d6780000)
 ParOldGen       total 123904K, used 123450K [0x0000000080000000, 0x0000000087900000, 0x00000000d5580000)
  object space 123904K, 99% used [0x0000000080000000,0x000000008788ebf8,0x0000000087900000)
 Metaspace       used 66112K, committed 67648K, reserved 1114112K
  class space    used 6708K, committed 7360K, reserved 1048576K
}
Event: 100.428 GC heap before
{Heap before GC invocations=120 (full 3):
 PSYoungGen      total 17920K, used 17636K [0x00000000d5580000, 0x00000000d6880000, 0x0000000100000000)
  eden space 16896K, 100% used [0x00000000d5580000,0x00000000d6600000,0x00000000d6600000)
  from space 1024K, 72% used [0x00000000d6780000,0x00000000d6839210,0x00000000d6880000)
  to   space 1024K, 0% used [0x00000000d6680000,0x00000000d6680000,0x00000000d6780000)
 ParOldGen       total 123904K, used 123450K [0x0000000080000000, 0x0000000087900000, 0x00000000d5580000)
  object space 123904K, 99% used [0x0000000080000000,0x000000008788ebf8,0x0000000087900000)
 Metaspace       used 66165K, committed 67712K, reserved 1114112K
  class space    used 6709K, committed 7360K, reserved 1048576K
}
Event: 100.432 GC heap after
{Heap after GC invocations=120 (full 3):
 PSYoungGen      total 17920K, used 1012K [0x00000000d5580000, 0x00000000d6a00000, 0x0000000100000000)
  eden space 16896K, 0% used [0x00000000d5580000,0x00000000d5580000,0x00000000d6600000)
  from space 1024K, 98% used [0x00000000d6680000,0x00000000d677d200,0x00000000d6780000)
  to   space 2048K, 0% used [0x00000000d6800000,0x00000000d6800000,0x00000000d6a00000)
 ParOldGen       total 124416K, used 124180K [0x0000000080000000, 0x0000000087980000, 0x00000000d5580000)
  object space 124416K, 99% used [0x0000000080000000,0x0000000087945388,0x0000000087980000)
 Metaspace       used 66165K, committed 67712K, reserved 1114112K
  class space    used 6709K, committed 7360K, reserved 1048576K
}
Event: 100.623 GC heap before
{Heap before GC invocations=121 (full 3):
 PSYoungGen      total 17920K, used 17908K [0x00000000d5580000, 0x00000000d6a00000, 0x0000000100000000)
  eden space 16896K, 100% used [0x00000000d5580000,0x00000000d6600000,0x00000000d6600000)
  from space 1024K, 98% used [0x00000000d6680000,0x00000000d677d200,0x00000000d6780000)
  to   space 2048K, 0% used [0x00000000d6800000,0x00000000d6800000,0x00000000d6a00000)
 ParOldGen       total 124416K, used 124180K [0x0000000080000000, 0x0000000087980000, 0x00000000d5580000)
  object space 124416K, 99% used [0x0000000080000000,0x0000000087945388,0x0000000087980000)
 Metaspace       used 66180K, committed 67712K, reserved 1114112K
  class space    used 6709K, committed 7360K, reserved 1048576K
}
Event: 100.629 GC heap after
{Heap after GC invocations=121 (full 3):
 PSYoungGen      total 17920K, used 1002K [0x00000000d5580000, 0x00000000d6900000, 0x0000000100000000)
  eden space 16896K, 0% used [0x00000000d5580000,0x00000000d5580000,0x00000000d6600000)
  from space 1024K, 97% used [0x00000000d6800000,0x00000000d68fa910,0x00000000d6900000)
  to   space 1536K, 0% used [0x00000000d6600000,0x00000000d6600000,0x00000000d6780000)
 ParOldGen       total 125440K, used 125151K [0x0000000080000000, 0x0000000087a80000, 0x00000000d5580000)
  object space 125440K, 99% used [0x0000000080000000,0x0000000087a37d38,0x0000000087a80000)
 Metaspace       used 66180K, committed 67712K, reserved 1114112K
  class space    used 6709K, committed 7360K, reserved 1048576K
}
Event: 100.928 GC heap before
{Heap before GC invocations=122 (full 3):
 PSYoungGen      total 17920K, used 17898K [0x00000000d5580000, 0x00000000d6900000, 0x0000000100000000)
  eden space 16896K, 100% used [0x00000000d5580000,0x00000000d6600000,0x00000000d6600000)
  from space 1024K, 97% used [0x00000000d6800000,0x00000000d68fa910,0x00000000d6900000)
  to   space 1536K, 0% used [0x00000000d6600000,0x00000000d6600000,0x00000000d6780000)
 ParOldGen       total 125440K, used 125151K [0x0000000080000000, 0x0000000087a80000, 0x00000000d5580000)
  object space 125440K, 99% used [0x0000000080000000,0x0000000087a37d38,0x0000000087a80000)
 Metaspace       used 66252K, committed 67776K, reserved 1114112K
  class space    used 6710K, committed 7360K, reserved 1048576K
}
Event: 100.933 GC heap after
{Heap after GC invocations=122 (full 3):
 PSYoungGen      total 18432K, used 1522K [0x00000000d5580000, 0x00000000d6d00000, 0x0000000100000000)
  eden space 16896K, 0% used [0x00000000d5580000,0x00000000d5580000,0x00000000d6600000)
  from space 1536K, 99% used [0x00000000d6600000,0x00000000d677cb28,0x00000000d6780000)
  to   space 3584K, 0% used [0x00000000d6980000,0x00000000d6980000,0x00000000d6d00000)
 ParOldGen       total 126976K, used 126598K [0x0000000080000000, 0x0000000087c00000, 0x00000000d5580000)
  object space 126976K, 99% used [0x0000000080000000,0x0000000087ba1bd0,0x0000000087c00000)
 Metaspace       used 66252K, committed 67776K, reserved 1114112K
  class space    used 6710K, committed 7360K, reserved 1048576K
}
Event: 101.153 GC heap before
{Heap before GC invocations=123 (full 3):
 PSYoungGen      total 18432K, used 18418K [0x00000000d5580000, 0x00000000d6d00000, 0x0000000100000000)
  eden space 16896K, 100% used [0x00000000d5580000,0x00000000d6600000,0x00000000d6600000)
  from space 1536K, 99% used [0x00000000d6600000,0x00000000d677cb28,0x00000000d6780000)
  to   space 3584K, 0% used [0x00000000d6980000,0x00000000d6980000,0x00000000d6d00000)
 ParOldGen       total 126976K, used 126598K [0x0000000080000000, 0x0000000087c00000, 0x00000000d5580000)
  object space 126976K, 99% used [0x0000000080000000,0x0000000087ba1bd0,0x0000000087c00000)
 Metaspace       used 66279K, committed 67840K, reserved 1114112K
  class space    used 6710K, committed 7360K, reserved 1048576K
}
Event: 101.159 GC heap after
{Heap after GC invocations=123 (full 3):
 PSYoungGen      total 18944K, used 1536K [0x00000000d5580000, 0x00000000d6b80000, 0x0000000100000000)
  eden space 16896K, 0% used [0x00000000d5580000,0x00000000d5580000,0x00000000d6600000)
  from space 2048K, 75% used [0x00000000d6980000,0x00000000d6b00020,0x00000000d6b80000)
  to   space 2560K, 0% used [0x00000000d6680000,0x00000000d6680000,0x00000000d6900000)
 ParOldGen       total 128512K, used 128114K [0x0000000080000000, 0x0000000087d80000, 0x00000000d5580000)
  object space 128512K, 99% used [0x0000000080000000,0x0000000087d1c818,0x0000000087d80000)
 Metaspace       used 66279K, committed 67840K, reserved 1114112K
  class space    used 6710K, committed 7360K, reserved 1048576K
}
Event: 101.397 GC heap before
{Heap before GC invocations=124 (full 3):
 PSYoungGen      total 18944K, used 18432K [0x00000000d5580000, 0x00000000d6b80000, 0x0000000100000000)
  eden space 16896K, 100% used [0x00000000d5580000,0x00000000d6600000,0x00000000d6600000)
  from space 2048K, 75% used [0x00000000d6980000,0x00000000d6b00020,0x00000000d6b80000)
  to   space 2560K, 0% used [0x00000000d6680000,0x00000000d6680000,0x00000000d6900000)
 ParOldGen       total 128512K, used 128114K [0x0000000080000000, 0x0000000087d80000, 0x00000000d5580000)
  object space 128512K, 99% used [0x0000000080000000,0x0000000087d1c818,0x0000000087d80000)
 Metaspace       used 66305K, committed 67840K, reserved 1114112K
  class space    used 6710K, committed 7360K, reserved 1048576K
}
Event: 101.404 GC heap after
{Heap after GC invocations=124 (full 3):
 PSYoungGen      total 18432K, used 1108K [0x00000000d5580000, 0x00000000d6a00000, 0x0000000100000000)
  eden space 16896K, 0% used [0x00000000d5580000,0x00000000d5580000,0x00000000d6600000)
  from space 1536K, 72% used [0x00000000d6680000,0x00000000d6795200,0x00000000d6800000)
  to   space 1536K, 0% used [0x00000000d6880000,0x00000000d6880000,0x00000000d6a00000)
 ParOldGen       total 130048K, used 129586K [0x0000000080000000, 0x0000000087f00000, 0x00000000d5580000)
  object space 130048K, 99% used [0x0000000080000000,0x0000000087e8c8f8,0x0000000087f00000)
 Metaspace       used 66305K, committed 67840K, reserved 1114112K
  class space    used 6710K, committed 7360K, reserved 1048576K
}
Event: 101.590 GC heap before
{Heap before GC invocations=125 (full 3):
 PSYoungGen      total 18432K, used 18004K [0x00000000d5580000, 0x00000000d6a00000, 0x0000000100000000)
  eden space 16896K, 100% used [0x00000000d5580000,0x00000000d6600000,0x00000000d6600000)
  from space 1536K, 72% used [0x00000000d6680000,0x00000000d6795200,0x00000000d6800000)
  to   space 1536K, 0% used [0x00000000d6880000,0x00000000d6880000,0x00000000d6a00000)
 ParOldGen       total 130048K, used 129586K [0x0000000080000000, 0x0000000087f00000, 0x00000000d5580000)
  object space 130048K, 99% used [0x0000000080000000,0x0000000087e8c8f8,0x0000000087f00000)
 Metaspace       used 66341K, committed 67904K, reserved 1114112K
  class space    used 6710K, committed 7360K, reserved 1048576K
}
Event: 101.595 GC heap after
{Heap after GC invocations=125 (full 3):
 PSYoungGen      total 17920K, used 750K [0x00000000d5580000, 0x00000000d6980000, 0x0000000100000000)
  eden space 16896K, 0% used [0x00000000d5580000,0x00000000d5580000,0x00000000d6600000)
  from space 1024K, 73% used [0x00000000d6880000,0x00000000d693b940,0x00000000d6980000)
  to   space 1024K, 0% used [0x00000000d6780000,0x00000000d6780000,0x00000000d6880000)
 ParOldGen       total 131072K, used 130578K [0x0000000080000000, 0x0000000088000000, 0x00000000d5580000)
  object space 131072K, 99% used [0x0000000080000000,0x0000000087f84a18,0x0000000088000000)
 Metaspace       used 66341K, committed 67904K, reserved 1114112K
  class space    used 6710K, committed 7360K, reserved 1048576K
}
Event: 101.736 GC heap before
{Heap before GC invocations=126 (full 3):
 PSYoungGen      total 17920K, used 17646K [0x00000000d5580000, 0x00000000d6980000, 0x0000000100000000)
  eden space 16896K, 100% used [0x00000000d5580000,0x00000000d6600000,0x00000000d6600000)
  from space 1024K, 73% used [0x00000000d6880000,0x00000000d693b940,0x00000000d6980000)
  to   space 1024K, 0% used [0x00000000d6780000,0x00000000d6780000,0x00000000d6880000)
 ParOldGen       total 131072K, used 130578K [0x0000000080000000, 0x0000000088000000, 0x00000000d5580000)
  object space 131072K, 99% used [0x0000000080000000,0x0000000087f84a18,0x0000000088000000)
 Metaspace       used 66347K, committed 67904K, reserved 1114112K
  class space    used 6710K, committed 7360K, reserved 1048576K
}
Event: 101.740 GC heap after
{Heap after GC invocations=126 (full 3):
 PSYoungGen      total 17920K, used 644K [0x00000000d5580000, 0x00000000d6900000, 0x0000000100000000)
  eden space 16896K, 0% used [0x00000000d5580000,0x00000000d5580000,0x00000000d6600000)
  from space 1024K, 62% used [0x00000000d6780000,0x00000000d6821210,0x00000000d6880000)
  to   space 512K, 0% used [0x00000000d6880000,0x00000000d6880000,0x00000000d6900000)
 ParOldGen       total 131584K, used 131081K [0x0000000080000000, 0x0000000088080000, 0x00000000d5580000)
  object space 131584K, 99% used [0x0000000080000000,0x0000000088002680,0x0000000088080000)
 Metaspace       used 66347K, committed 67904K, reserved 1114112K
  class space    used 6710K, committed 7360K, reserved 1048576K
}
Event: 198.352 GC heap before
{Heap before GC invocations=127 (full 3):
 PSYoungGen      total 17920K, used 17540K [0x00000000d5580000, 0x00000000d6900000, 0x0000000100000000)
  eden space 16896K, 100% used [0x00000000d5580000,0x00000000d6600000,0x00000000d6600000)
  from space 1024K, 62% used [0x00000000d6780000,0x00000000d6821210,0x00000000d6880000)
  to   space 512K, 0% used [0x00000000d6880000,0x00000000d6880000,0x00000000d6900000)
 ParOldGen       total 131584K, used 131081K [0x0000000080000000, 0x0000000088080000, 0x00000000d5580000)
  object space 131584K, 99% used [0x0000000080000000,0x0000000088002680,0x0000000088080000)
 Metaspace       used 66428K, committed 68032K, reserved 1114112K
  class space    used 6712K, committed 7360K, reserved 1048576K
}
Event: 198.356 GC heap after
{Heap after GC invocations=127 (full 3):
 PSYoungGen      total 17408K, used 416K [0x00000000d5580000, 0x00000000d6900000, 0x0000000100000000)
  eden space 16896K, 0% used [0x00000000d5580000,0x00000000d5580000,0x00000000d6600000)
  from space 512K, 81% used [0x00000000d6880000,0x00000000d68e8000,0x00000000d6900000)
  to   space 512K, 0% used [0x00000000d6800000,0x00000000d6800000,0x00000000d6880000)
 ParOldGen       total 132096K, used 131646K [0x0000000080000000, 0x0000000088100000, 0x00000000d5580000)
  object space 132096K, 99% used [0x0000000080000000,0x000000008808f8b0,0x0000000088100000)
 Metaspace       used 66428K, committed 68032K, reserved 1114112K
  class space    used 6712K, committed 7360K, reserved 1048576K
}

