# JRE version: OpenJDK Runtime Environment Temurin-21.0.10+7 (21.0.10+7) (build 21.0.10+7-LTS)
# Java VM: OpenJDK 64-Bit Server VM Temurin-21.0.10+7 (21.0.10+7-LTS, mixed mode, sharing, tiered, compressed oops, compressed class ptrs, parallel gc, windows-amd64)
GC Precious Log:
 CardTable entry size: 512
 CPUs: 4 total, 4 available
 Memory: 8082M
 Large Page Support: Disabled
 NUMA Support: Disabled
 Compressed Oops: Enabled (32-bit)
 Alignments: Space 512K, Generation 512K, Heap 2M
 Heap Min Capacity: 100M
 Heap Initial Capacity: 100M
 Heap Max Capacity: 2G
 Pre-touch: Disabled
 Parallel Workers: 4
Heap:
 PSYoungGen      total 9216K, used 3878K [0x00000000d5580000, 0x00000000d6500000, 0x0000000100000000)
  eden space 5632K, 5% used [0x00000000d5580000,0x00000000d55cb990,0x00000000d5b00000)
  from space 3584K, 99% used [0x00000000d5b00000,0x00000000d5e7e0a0,0x00000000d5e80000)
  to   space 5120K, 0% used [0x00000000d6000000,0x00000000d6000000,0x00000000d6500000)
 ParOldGen       total 189440K, used 189164K [0x0000000080000000, 0x000000008b900000, 0x00000000d5580000)
  object space 189440K, 99% used [0x0000000080000000,0x000000008b8bb3e8,0x000000008b900000)
 Metaspace       used 64577K, committed 66176K, reserved 1114112K
  class space    used 6846K, committed 7488K, reserved 1048576K
GC Heap History (20 events):
Event: 50.905 GC heap before
{Heap before GC invocations=123 (full 3):
 PSYoungGen      total 12288K, used 12185K [0x00000000d5580000, 0x00000000d6580000, 0x0000000100000000)
  eden space 11776K, 100% used [0x00000000d5580000,0x00000000d6100000,0x00000000d6100000)
  from space 512K, 79% used [0x00000000d6480000,0x00000000d64e6470,0x00000000d6500000)
  to   space 512K, 0% used [0x00000000d6500000,0x00000000d6500000,0x00000000d6580000)
 ParOldGen       total 94720K, used 85135K [0x0000000080000000, 0x0000000085c80000, 0x00000000d5580000)
  object space 94720K, 89% used [0x0000000080000000,0x0000000085323ff0,0x0000000085c80000)
 Metaspace       used 60641K, committed 62272K, reserved 1114112K
  class space    used 6472K, committed 7104K, reserved 1048576K
}
Event: 50.907 GC heap after
{Heap after GC invocations=123 (full 3):
 PSYoungGen      total 12288K, used 480K [0x00000000d5580000, 0x00000000d6580000, 0x0000000100000000)
  eden space 11776K, 0% used [0x00000000d5580000,0x00000000d5580000,0x00000000d6100000)
  from space 512K, 93% used [0x00000000d6500000,0x00000000d6578020,0x00000000d6580000)
  to   space 2048K, 0% used [0x00000000d6180000,0x00000000d6180000,0x00000000d6380000)
 ParOldGen       total 94720K, used 86049K [0x0000000080000000, 0x0000000085c80000, 0x00000000d5580000)
  object space 94720K, 90% used [0x0000000080000000,0x0000000085408490,0x0000000085c80000)
 Metaspace       used 60641K, committed 62272K, reserved 1114112K
  class space    used 6472K, committed 7104K, reserved 1048576K
}
Event: 51.774 GC heap before
{Heap before GC invocations=124 (full 3):
 PSYoungGen      total 12288K, used 12256K [0x00000000d5580000, 0x00000000d6580000, 0x0000000100000000)
  eden space 11776K, 100% used [0x00000000d5580000,0x00000000d6100000,0x00000000d6100000)
  from space 512K, 93% used [0x00000000d6500000,0x00000000d6578020,0x00000000d6580000)
  to   space 2048K, 0% used [0x00000000d6180000,0x00000000d6180000,0x00000000d6380000)
 ParOldGen       total 94720K, used 86049K [0x0000000080000000, 0x0000000085c80000, 0x00000000d5580000)
  object space 94720K, 90% used [0x0000000080000000,0x0000000085408490,0x0000000085c80000)
 Metaspace       used 60930K, committed 62592K, reserved 1114112K
  class space    used 6517K, committed 7168K, reserved 1048576K
}
Event: 51.777 GC heap after
{Heap after GC invocations=124 (full 3):
 PSYoungGen      total 13824K, used 1088K [0x00000000d5580000, 0x00000000d6580000, 0x0000000100000000)
  eden space 11776K, 0% used [0x00000000d5580000,0x00000000d5580000,0x00000000d6100000)
  from space 2048K, 53% used [0x00000000d6180000,0x00000000d6290000,0x00000000d6380000)
  to   space 1536K, 0% used [0x00000000d6400000,0x00000000d6400000,0x00000000d6580000)
 ParOldGen       total 94720K, used 86517K [0x0000000080000000, 0x0000000085c80000, 0x00000000d5580000)
  object space 94720K, 91% used [0x0000000080000000,0x000000008547d4d0,0x0000000085c80000)
 Metaspace       used 60930K, committed 62592K, reserved 1114112K
  class space    used 6517K, committed 7168K, reserved 1048576K
}
Event: 52.900 GC heap before
{Heap before GC invocations=125 (full 3):
 PSYoungGen      total 13824K, used 12864K [0x00000000d5580000, 0x00000000d6580000, 0x0000000100000000)
  eden space 11776K, 100% used [0x00000000d5580000,0x00000000d6100000,0x00000000d6100000)
  from space 2048K, 53% used [0x00000000d6180000,0x00000000d6290000,0x00000000d6380000)
  to   space 1536K, 0% used [0x00000000d6400000,0x00000000d6400000,0x00000000d6580000)
 ParOldGen       total 181760K, used 178677K [0x0000000080000000, 0x000000008b180000, 0x00000000d5580000)
  object space 181760K, 98% used [0x0000000080000000,0x000000008ae7d560,0x000000008b180000)
 Metaspace       used 61646K, committed 63232K, reserved 1114112K
  class space    used 6593K, committed 7232K, reserved 1048576K
}
Event: 52.905 GC heap after
{Heap after GC invocations=125 (full 3):
 PSYoungGen      total 12800K, used 570K [0x00000000d5580000, 0x00000000d6500000, 0x0000000100000000)
  eden space 11776K, 0% used [0x00000000d5580000,0x00000000d5580000,0x00000000d6100000)
  from space 1024K, 55% used [0x00000000d6400000,0x00000000d648e8c8,0x00000000d6500000)
  to   space 1024K, 0% used [0x00000000d6300000,0x00000000d6300000,0x00000000d6400000)
 ParOldGen       total 181760K, used 179589K [0x0000000080000000, 0x000000008b180000, 0x00000000d5580000)
  object space 181760K, 98% used [0x0000000080000000,0x000000008af61560,0x000000008b180000)
 Metaspace       used 61646K, committed 63232K, reserved 1114112K
  class space    used 6593K, committed 7232K, reserved 1048576K
}
Event: 53.432 GC heap before
{Heap before GC invocations=126 (full 3):
 PSYoungGen      total 12800K, used 12207K [0x00000000d5580000, 0x00000000d6500000, 0x0000000100000000)
  eden space 11776K, 98% used [0x00000000d5580000,0x00000000d60dd3b8,0x00000000d6100000)
  from space 1024K, 55% used [0x00000000d6400000,0x00000000d648e8c8,0x00000000d6500000)
  to   space 1024K, 0% used [0x00000000d6300000,0x00000000d6300000,0x00000000d6400000)
 ParOldGen       total 181760K, used 179589K [0x0000000080000000, 0x000000008b180000, 0x00000000d5580000)
  object space 181760K, 98% used [0x0000000080000000,0x000000008af61560,0x000000008b180000)
 Metaspace       used 62372K, committed 63936K, reserved 1114112K
  class space    used 6649K, committed 7232K, reserved 1048576K
}
Event: 53.437 GC heap after
{Heap after GC invocations=126 (full 3):
 PSYoungGen      total 12800K, used 992K [0x00000000d5580000, 0x00000000d6700000, 0x0000000100000000)
  eden space 11776K, 0% used [0x00000000d5580000,0x00000000d5580000,0x00000000d6100000)
  from space 1024K, 96% used [0x00000000d6300000,0x00000000d63f8050,0x00000000d6400000)
  to   space 3072K, 0% used [0x00000000d6400000,0x00000000d6400000,0x00000000d6700000)
 ParOldGen       total 181760K, used 180882K [0x0000000080000000, 0x000000008b180000, 0x00000000d5580000)
  object space 181760K, 99% used [0x0000000080000000,0x000000008b0a48e0,0x000000008b180000)
 Metaspace       used 62372K, committed 63936K, reserved 1114112K
  class space    used 6649K, committed 7232K, reserved 1048576K
}
Event: 53.685 GC heap before
{Heap before GC invocations=127 (full 3):
 PSYoungGen      total 12800K, used 12768K [0x00000000d5580000, 0x00000000d6700000, 0x0000000100000000)
  eden space 11776K, 100% used [0x00000000d5580000,0x00000000d6100000,0x00000000d6100000)
  from space 1024K, 96% used [0x00000000d6300000,0x00000000d63f8050,0x00000000d6400000)
  to   space 3072K, 0% used [0x00000000d6400000,0x00000000d6400000,0x00000000d6700000)
 ParOldGen       total 181760K, used 180882K [0x0000000080000000, 0x000000008b180000, 0x00000000d5580000)
  object space 181760K, 99% used [0x0000000080000000,0x000000008b0a48e0,0x000000008b180000)
 Metaspace       used 62384K, committed 63936K, reserved 1114112K
  class space    used 6649K, committed 7232K, reserved 1048576K
}
Event: 53.687 GC heap after
{Heap after GC invocations=127 (full 3):
 PSYoungGen      total 12800K, used 971K [0x00000000d5580000, 0x00000000d6500000, 0x0000000100000000)
  eden space 11776K, 0% used [0x00000000d5580000,0x00000000d5580000,0x00000000d6100000)
  from space 1024K, 94% used [0x00000000d6400000,0x00000000d64f2cd8,0x00000000d6500000)
  to   space 1536K, 0% used [0x00000000d6200000,0x00000000d6200000,0x00000000d6380000)
 ParOldGen       total 181760K, used 181670K [0x0000000080000000, 0x000000008b180000, 0x00000000d5580000)
  object space 181760K, 99% used [0x0000000080000000,0x000000008b169a58,0x000000008b180000)
 Metaspace       used 62384K, committed 63936K, reserved 1114112K
  class space    used 6649K, committed 7232K, reserved 1048576K
}
Event: 53.809 GC heap before
{Heap before GC invocations=128 (full 3):
 PSYoungGen      total 12800K, used 12747K [0x00000000d5580000, 0x00000000d6500000, 0x0000000100000000)
  eden space 11776K, 100% used [0x00000000d5580000,0x00000000d6100000,0x00000000d6100000)
  from space 1024K, 94% used [0x00000000d6400000,0x00000000d64f2cd8,0x00000000d6500000)
  to   space 1536K, 0% used [0x00000000d6200000,0x00000000d6200000,0x00000000d6380000)
 ParOldGen       total 181760K, used 181670K [0x0000000080000000, 0x000000008b180000, 0x00000000d5580000)
  object space 181760K, 99% used [0x0000000080000000,0x000000008b169a58,0x000000008b180000)
 Metaspace       used 62391K, committed 63936K, reserved 1114112K
  class space    used 6649K, committed 7232K, reserved 1048576K
}
Event: 53.811 GC heap after
{Heap after GC invocations=128 (full 3):
 PSYoungGen      total 13312K, used 713K [0x00000000d5580000, 0x00000000d6480000, 0x0000000100000000)
  eden space 11776K, 0% used [0x00000000d5580000,0x00000000d5580000,0x00000000d6100000)
  from space 1536K, 46% used [0x00000000d6200000,0x00000000d62b2730,0x00000000d6380000)
  to   space 1024K, 0% used [0x00000000d6380000,0x00000000d6380000,0x00000000d6480000)
 ParOldGen       total 181760K, used 181686K [0x0000000080000000, 0x000000008b180000, 0x00000000d5580000)
  object space 181760K, 99% used [0x0000000080000000,0x000000008b16da58,0x000000008b180000)
 Metaspace       used 62391K, committed 63936K, reserved 1114112K
  class space    used 6649K, committed 7232K, reserved 1048576K
}
Event: 54.018 GC heap before
{Heap before GC invocations=129 (full 3):
 PSYoungGen      total 13312K, used 12489K [0x00000000d5580000, 0x00000000d6480000, 0x0000000100000000)
  eden space 11776K, 100% used [0x00000000d5580000,0x00000000d6100000,0x00000000d6100000)
  from space 1536K, 46% used [0x00000000d6200000,0x00000000d62b2730,0x00000000d6380000)
  to   space 1024K, 0% used [0x00000000d6380000,0x00000000d6380000,0x00000000d6480000)
 ParOldGen       total 181760K, used 181686K [0x0000000080000000, 0x000000008b180000, 0x00000000d5580000)
  object space 181760K, 99% used [0x0000000080000000,0x000000008b16da58,0x000000008b180000)
 Metaspace       used 63418K, committed 65024K, reserved 1114112K
  class space    used 6736K, committed 7360K, reserved 1048576K
}
Event: 54.020 GC heap after
{Heap after GC invocations=129 (full 3):
 PSYoungGen      total 12288K, used 256K [0x00000000d5580000, 0x00000000d6400000, 0x0000000100000000)
  eden space 11776K, 0% used [0x00000000d5580000,0x00000000d5580000,0x00000000d6100000)
  from space 512K, 50% used [0x00000000d6380000,0x00000000d63c0010,0x00000000d6400000)
  to   space 512K, 0% used [0x00000000d6300000,0x00000000d6300000,0x00000000d6380000)
 ParOldGen       total 181760K, used 181694K [0x0000000080000000, 0x000000008b180000, 0x00000000d5580000)
  object space 181760K, 99% used [0x0000000080000000,0x000000008b16fa58,0x000000008b180000)
 Metaspace       used 63418K, committed 65024K, reserved 1114112K
  class space    used 6736K, committed 7360K, reserved 1048576K
}
Event: 350.588 GC heap before
{Heap before GC invocations=130 (full 3):
 PSYoungGen      total 12288K, used 12032K [0x00000000d5580000, 0x00000000d6400000, 0x0000000100000000)
  eden space 11776K, 100% used [0x00000000d5580000,0x00000000d6100000,0x00000000d6100000)
  from space 512K, 50% used [0x00000000d6380000,0x00000000d63c0010,0x00000000d6400000)
  to   space 512K, 0% used [0x00000000d6300000,0x00000000d6300000,0x00000000d6380000)
 ParOldGen       total 181760K, used 181694K [0x0000000080000000, 0x000000008b180000, 0x00000000d5580000)
  object space 181760K, 99% used [0x0000000080000000,0x000000008b16fa58,0x000000008b180000)
 Metaspace       used 64410K, committed 65984K, reserved 1114112K
  class space    used 6844K, committed 7488K, reserved 1048576K
}
Event: 350.591 GC heap after
{Heap after GC invocations=130 (full 3):
 PSYoungGen      total 12288K, used 491K [0x00000000d5580000, 0x00000000d6400000, 0x0000000100000000)
  eden space 11776K, 0% used [0x00000000d5580000,0x00000000d5580000,0x00000000d6100000)
  from space 512K, 96% used [0x00000000d6300000,0x00000000d637ae88,0x00000000d6380000)
  to   space 512K, 0% used [0x00000000d6380000,0x00000000d6380000,0x00000000d6400000)
 ParOldGen       total 182272K, used 181942K [0x0000000080000000, 0x000000008b200000, 0x00000000d5580000)
  object space 182272K, 99% used [0x0000000080000000,0x000000008b1ada58,0x000000008b200000)
 Metaspace       used 64410K, committed 65984K, reserved 1114112K
  class space    used 6844K, committed 7488K, reserved 1048576K
}
Event: 9665.504 GC heap before
{Heap before GC invocations=131 (full 3):
 PSYoungGen      total 12288K, used 12159K [0x00000000d5580000, 0x00000000d6400000, 0x0000000100000000)
  eden space 11776K, 99% used [0x00000000d5580000,0x00000000d60e4fe0,0x00000000d6100000)
  from space 512K, 96% used [0x00000000d6300000,0x00000000d637ae88,0x00000000d6380000)
  to   space 512K, 0% used [0x00000000d6380000,0x00000000d6380000,0x00000000d6400000)
 ParOldGen       total 182272K, used 181942K [0x0000000080000000, 0x000000008b200000, 0x00000000d5580000)
  object space 182272K, 99% used [0x0000000080000000,0x000000008b1ada58,0x000000008b200000)
 Metaspace       used 64527K, committed 66112K, reserved 1114112K
  class space    used 6845K, committed 7488K, reserved 1048576K
}
Event: 9667.028 GC heap after
{Heap after GC invocations=131 (full 3):
 PSYoungGen      total 6144K, used 488K [0x00000000d5580000, 0x00000000d7200000, 0x0000000100000000)
  eden space 5632K, 0% used [0x00000000d5580000,0x00000000d5580000,0x00000000d5b00000)
  from space 512K, 95% used [0x00000000d6380000,0x00000000d63fa0c0,0x00000000d6400000)
  to   space 8704K, 0% used [0x00000000d5b00000,0x00000000d5b00000,0x00000000d6380000)
 ParOldGen       total 188928K, used 188665K [0x0000000080000000, 0x000000008b880000, 0x00000000d5580000)
  object space 188928K, 99% used [0x0000000080000000,0x000000008b83e6a8,0x000000008b880000)
 Metaspace       used 64527K, committed 66112K, reserved 1114112K
  class space    used 6845K, committed 7488K, reserved 1048576K
}
Event: 9672.764 GC heap before
{Heap before GC invocations=132 (full 3):
 PSYoungGen      total 6144K, used 6120K [0x00000000d5580000, 0x00000000d7200000, 0x0000000100000000)
  eden space 5632K, 100% used [0x00000000d5580000,0x00000000d5b00000,0x00000000d5b00000)
  from space 512K, 95% used [0x00000000d6380000,0x00000000d63fa0c0,0x00000000d6400000)
  to   space 8704K, 0% used [0x00000000d5b00000,0x00000000d5b00000,0x00000000d6380000)
 ParOldGen       total 188928K, used 188665K [0x0000000080000000, 0x000000008b880000, 0x00000000d5580000)
  object space 188928K, 99% used [0x0000000080000000,0x000000008b83e6a8,0x000000008b880000)
 Metaspace       used 64567K, committed 66176K, reserved 1114112K
  class space    used 6845K, committed 7488K, reserved 1048576K
}
Event: 9672.834 GC heap after
{Heap after GC invocations=132 (full 3):
 PSYoungGen      total 9216K, used 3576K [0x00000000d5580000, 0x00000000d6500000, 0x0000000100000000)
  eden space 5632K, 0% used [0x00000000d5580000,0x00000000d5580000,0x00000000d5b00000)
  from space 3584K, 99% used [0x00000000d5b00000,0x00000000d5e7e0a0,0x00000000d5e80000)
  to   space 5120K, 0% used [0x00000000d6000000,0x00000000d6000000,0x00000000d6500000)
 ParOldGen       total 189440K, used 189164K [0x0000000080000000, 0x000000008b900000, 0x00000000d5580000)
  object space 189440K, 99% used [0x0000000080000000,0x000000008b8bb3e8,0x000000008b900000)
 Metaspace       used 64567K, committed 66176K, reserved 1114112K
  class space    used 6845K, committed 7488K, reserved 1048576K
}

